<?xml version="1.0" encoding="UTF-8"?>
<!-- Generated by org.testng.reporters.JUnitReportReporter -->
<testsuite hostname="DESKTOP-TPM7GKF" failures="0" tests="4" name="org.inmakestest.CalculatorTestNgClass" time="26.034" errors="0" timestamp="2022-12-28T00:08:52 IST" skipped="0">
  <testcase classname="org.inmakestest.CalculatorTestNgClass" name="testcase01" time="11.695"/>
  <system-out/>
  <testcase classname="org.inmakestest.CalculatorTestNgClass" name="testcase03" time="3.268"/>
  <system-out/>
  <testcase classname="org.inmakestest.CalculatorTestNgClass" name="testcase02" time="4.009"/>
  <system-out/>
  <testcase classname="org.inmakestest.CalculatorTestNgClass" name="testcase04" time="7.062"/>
  <system-out/>
</testsuite> <!-- org.inmakestest.CalculatorTestNgClass -->
