<?xml version="1.0" encoding="UTF-8"?>
<!-- Generated by org.testng.reporters.JUnitReportReporter -->
<testsuite hostname="DESKTOP-TPM7GKF" failures="0" tests="2" name="org.inmakestest.CalculatorExtendReportClass" time="6.058" errors="0" timestamp="2022-12-28T00:42:08 IST" skipped="0">
  <testcase classname="org.inmakestest.CalculatorExtendReportClass" name="testCase1" time="3.041"/>
  <system-out/>
  <testcase classname="org.inmakestest.CalculatorExtendReportClass" name="testCase2" time="3.017"/>
  <system-out/>
</testsuite> <!-- org.inmakestest.CalculatorExtendReportClass -->
